\BOOKMARK [1][-]{section.1}{\376\377\000E\000i\000n\000l\000e\000i\000t\000u\000n\000g}{}% 1
\BOOKMARK [1][-]{section.2}{\376\377\000F\000e\000e\000d\000-\000F\000o\000r\000w\000a\000r\000d}{}% 2
\BOOKMARK [2][-]{subsection.2.1}{\376\377\000E\000i\000n\000f\000\374\000h\000r\000u\000n\000g}{section.2}% 3
\BOOKMARK [2][-]{subsection.2.2}{\376\377\000G\000r\000a\000f\000i\000k}{section.2}% 4
\BOOKMARK [2][-]{subsection.2.3}{\376\377\000B\000e\000r\000e\000c\000h\000n\000u\000n\000g}{section.2}% 5
\BOOKMARK [2][-]{subsection.2.4}{\376\377\000B\000e\000r\000e\000c\000h\000n\000u\000n\000g\000\040\000a\000l\000s\000\040\000V\000e\000k\000t\000o\000r}{section.2}% 6
\BOOKMARK [1][-]{section.3}{\376\377\000B\000a\000c\000k\000p\000r\000o\000p\000a\000g\000a\000t\000i\000o\000n}{}% 7
\BOOKMARK [2][-]{subsection.3.1}{\376\377\000E\000i\000n\000f\000\374\000h\000r\000u\000n\000g}{section.3}% 8
\BOOKMARK [2][-]{subsection.3.2}{\376\377\000V\000e\000r\000l\000u\000s\000t\000f\000u\000n\000k\000t\000i\000o\000n}{section.3}% 9
\BOOKMARK [2][-]{subsection.3.3}{\376\377\000L\000e\000r\000n\000v\000o\000r\000g\000a\000n\000g}{section.3}% 10
\BOOKMARK [2][-]{subsection.3.4}{\376\377\000A\000b\000l\000e\000i\000t\000u\000n\000g\000\040\000d\000e\000r\000\040\000s\000i\000g\000m\000o\000i\000d\000\040\000F\000u\000n\000k\000t\000i\000o\000n}{section.3}% 11
\BOOKMARK [2][-]{subsection.3.5}{\376\377\000F\000e\000h\000l\000e\000r\000\050\000\051}{section.3}% 12
\BOOKMARK [2][-]{subsection.3.6}{\376\377\000B\000e\000r\000e\000c\000h\000n\000u\000n\000g\000\040\000d\000e\000s\000\040\000F\000e\000h\000l\000e\000r\000s\000\040\000a\000l\000s\000\040\000v\000e\000k\000t\000o\000r}{section.3}% 13
\BOOKMARK [3][-]{subsubsection.3.6.1}{\376\377\000F\000e\000h\000l\000e\000r\000\040\000d\000e\000s\000\040\000l\000e\000t\000z\000t\000e\000n\000\040\000L\000a\000y\000e\000r\000s}{subsection.3.6}% 14
\BOOKMARK [3][-]{subsubsection.3.6.2}{\376\377\000D\000e\000f\000i\000n\000i\000t\000i\000o\000n\000\040}{subsection.3.6}% 15
\BOOKMARK [3][-]{subsubsection.3.6.3}{\376\377\000F\000e\000h\000l\000e\000r\000\040\000e\000i\000n\000e\000s\000\040\000b\000e\000l\000i\000e\000b\000i\000g\000e\000n\000\040\000L\000a\000y\000e\000r\000s}{subsection.3.6}% 16
\BOOKMARK [2][-]{subsection.3.7}{\376\377\000F\000e\000e\000d\000-\000F\000o\000r\000w\000a\000r\000d\000\040\000B\000e\000r\000e\000c\000h\000n\000u\000n\000g\000\040\000a\000l\000s\000\040\000M\000a\000t\000r\000i\000z}{section.3}% 17
\BOOKMARK [2][-]{subsection.3.8}{\376\377\000B\000a\000c\000k\000p\000r\000o\000p\000a\000g\000a\000t\000i\000o\000n\000\040\000a\000l\000s\000\040\000M\000a\000t\000r\000i\000z}{section.3}% 18
\BOOKMARK [3][-]{subsubsection.3.8.1}{\376\377\000F\000e\000h\000l\000e\000r\000b\000e\000r\000e\000c\000h\000n\000u\000n\000g}{subsection.3.8}% 19
\BOOKMARK [3][-]{subsubsection.3.8.2}{\376\377\000B\000e\000r\000e\000c\000h\000n\000u\000n\000g\000\040\000d\000e\000r\000\040\000G\000r\000a\000d\000i\000e\000n\000t\000e\000n\000\040\000d\000e\000r\000\040\000G\000e\000w\000i\000c\000h\000t\000e}{subsection.3.8}% 20
\BOOKMARK [1][-]{section.4}{\376\377\000Q\000u\000e\000l\000l\000e\000n}{}% 21
